bytes allocated, allocations, type, function, file:line
          57376	              1	HipTextRendererVertex hip.graphics.g2d.textrenderer.HipTextRenderer.this C:\Users\Marcelo\Documents\D\HipremeEngine\source\hip\graphics\g2d\textrenderer.d:85
          36864	              1	ubyte hip.font.ttf.HipArsd_TTF_Font.generateImage C:\Users\Marcelo\Documents\D\HipremeEngine\modules\font\source\hip\font\ttf.d:219
          16384	              1	ushort[] hip.util.array.uninitializedArray!(ushort[]).uninitializedArray C:\Users\Marcelo\Documents\D\HipremeEngine\modules\util\source\hip\util\array.d:262
          12480	            260	hip.event.handlers.button.HipButtonMetadata core.lifetime._d_newclassT!(HipButtonMetadata)._d_newclassT C:\Users\Marcelo\Documents\D\HipremeEngine\tools\hbuild\D\dmd2\windows\bin64\..\..\src\druntime\import\core\lifetime.d:2763
          12288	            256	HipButtonMetadata hip.event.handlers.keyboard.KeyboardHandler.this C:\Users\Marcelo\Documents\D\HipremeEngine\source\hip\event\handlers\keyboard.d:55
           8448	              1	RenderizedChar hip.font.ttf.HipArsd_TTF_Font.generateImage C:\Users\Marcelo\Documents\D\HipremeEngine\modules\font\source\hip\font\ttf.d:170
           8192	              1	char[] hip.console.console.Console.this C:\Users\Marcelo\Documents\D\HipremeEngine\modules\console\source\hip\console\console.d:188
           4256	              1	D3D11_INPUT_ELEMENT_DESC hip.hiprenderer.backend.d3d.d3dvertex.Hip_D3D11_VertexArrayObject.createInputLayout C:\Users\Marcelo\Documents\D\HipremeEngine\modules\renderer\backends\d3d\hip\hiprenderer\backend\d3d\d3dvertex.d:200
           4144	              1	Vector!(2u, float) hip.event.handlers.mouse.HipMouse.this C:\Users\Marcelo\Documents\D\HipremeEngine\source\hip\event\handlers\mouse.d:21
           4096	              8	HipWorkerThread hip.concurrency.thread.HipWorkerPool.this C:\Users\Marcelo\Documents\D\HipremeEngine\modules\concurrency\source\hip\concurrency\thread.d:172
           4096	              8	hip.concurrency.thread.HipWorkerThread core.lifetime._d_newclassT!(HipWorkerThread)._d_newclassT C:\Users\Marcelo\Documents\D\HipremeEngine\tools\hbuild\D\dmd2\windows\bin64\..\..\src\druntime\import\core\lifetime.d:2763
           2048	              1	string hip.hiprenderer.backend.d3d.d3drenderer.Hip_D3D11_Renderer.hasErrorOccurred C:\Users\Marcelo\Documents\D\HipremeEngine\modules\renderer\backends\d3d\hip\hiprenderer\backend\d3d\d3drenderer.d:364
           1312	             16	string core.internal.array.concatenation._d_arraycatnTX!(string, string, string)._d_arraycatnTX C:\Users\Marcelo\Documents\D\HipremeEngine\tools\hbuild\D\dmd2\windows\bin64\..\..\src\druntime\import\core\internal\array\concatenation.d:51
            992	              1	hip.api.data.commons.IHipAssetLoadTask delegate(immutable(char)[], const(ubyte)[], immutable(char)[], ulong)[immutable(char)[]] hip.assetmanager.HipAssetManager.initialize C:\Users\Marcelo\Documents\D\HipremeEngine\modules\assetmanager\source\hip\assetmanager.d:101
            864	              9	Mutex hip.concurrency.mutex.DebugMutex.this C:\Users\Marcelo\Documents\D\HipremeEngine\modules\concurrency\source\hip\concurrency\mutex.d:28
            864	              9	core.sync.mutex.Mutex core.lifetime._d_newclassT!(Mutex)._d_newclassT C:\Users\Marcelo\Documents\D\HipremeEngine\tools\hbuild\D\dmd2\windows\bin64\..\..\src\druntime\import\core\lifetime.d:2763
            864	              9	hip.concurrency.mutex.DebugMutex core.lifetime._d_newclassT!(DebugMutex)._d_newclassT C:\Users\Marcelo\Documents\D\HipremeEngine\tools\hbuild\D\dmd2\windows\bin64\..\..\src\druntime\import\core\lifetime.d:2763
            816	              1	(string, string) hip.hiprenderer.backend.d3d.d3drenderer.Hip_D3D11_Renderer.hasErrorOccurred C:\Users\Marcelo\Documents\D\HipremeEngine\modules\renderer\backends\d3d\hip\hiprenderer\backend\d3d\d3drenderer.d:364
            768	              8	DebugMutex hip.concurrency.thread.HipWorkerThread.this C:\Users\Marcelo\Documents\D\HipremeEngine\modules\concurrency\source\hip\concurrency\thread.d:47
            368	              1	HipArsd_TTF_Font hip.global.gamedef.loadDefaultAssets C:\Users\Marcelo\Documents\D\HipremeEngine\source\hip\global\gamedef.d:77
            368	              1	hip.font.ttf.HipArsd_TTF_Font core.lifetime._d_newclassT!(HipArsd_TTF_Font)._d_newclassT C:\Users\Marcelo\Documents\D\HipremeEngine\tools\hbuild\D\dmd2\windows\bin64\..\..\src\druntime\import\core\lifetime.d:2763
            352	              2	HipVertexAttributeFieldInfo[] hip.hiprenderer.vertex.appendAttributeField C:\Users\Marcelo\Documents\D\HipremeEngine\modules\renderer\source\hip\hiprenderer\vertex.d:211
            352	              2	hip.api.renderer.shadervar.ShaderVariablesLayout core.lifetime._d_newclassT!(ShaderVariablesLayout)._d_newclassT C:\Users\Marcelo\Documents\D\HipremeEngine\tools\hbuild\D\dmd2\windows\bin64\..\..\src\druntime\import\core\lifetime.d:2763
            288	              9	core.sync.semaphore.Semaphore core.lifetime._d_newclassT!(Semaphore)._d_newclassT C:\Users\Marcelo\Documents\D\HipremeEngine\tools\hbuild\D\dmd2\windows\bin64\..\..\src\druntime\import\core\lifetime.d:2763
            256	              8	Semaphore hip.concurrency.thread.HipWorkerThread.this C:\Users\Marcelo\Documents\D\HipremeEngine\modules\concurrency\source\hip\concurrency\thread.d:45
            256	              2	hip.assets.image.Image core.lifetime._d_newclassT!(Image)._d_newclassT C:\Users\Marcelo\Documents\D\HipremeEngine\tools\hbuild\D\dmd2\windows\bin64\..\..\src\druntime\import\core\lifetime.d:2763
            256	              2	hip.event.handlers.input_listener.HipInputListener core.lifetime._d_newclassT!(HipInputListener)._d_newclassT C:\Users\Marcelo\Documents\D\HipremeEngine\tools\hbuild\D\dmd2\windows\bin64\..\..\src\druntime\import\core\lifetime.d:2763
            256	              1	HipOrthoCamera hip.graphics.g2d.renderer2d.initialize C:\Users\Marcelo\Documents\D\HipremeEngine\source\hip\graphics\g2d\renderer2d.d:58
            256	              1	HipRendererImplementation hip.hiprenderer.renderer.PreInitializeHipRenderer C:\Users\Marcelo\Documents\D\HipremeEngine\modules\renderer\source\hip\hiprenderer\renderer.d:459
            256	              1	hip.game.orthocamera.HipOrthoCamera core.lifetime._d_newclassT!(HipOrthoCamera)._d_newclassT C:\Users\Marcelo\Documents\D\HipremeEngine\tools\hbuild\D\dmd2\windows\bin64\..\..\src\druntime\import\core\lifetime.d:2763
            256	              1	hip.hiprenderer.renderer.HipRendererImplementation core.lifetime._d_newclassT!(HipRendererImplementation)._d_newclassT C:\Users\Marcelo\Documents\D\HipremeEngine\tools\hbuild\D\dmd2\windows\bin64\..\..\src\druntime\import\core\lifetime.d:2763
            240	              6	(string, string) hip.util.system.dll_import_var C:\Users\Marcelo\Documents\D\HipremeEngine\modules\util\source\hip\util\system.d:90
            192	              4	HipButtonMetadata hip.event.handlers.mouse.HipMouse.this C:\Users\Marcelo\Documents\D\HipremeEngine\source\hip\event\handlers\mouse.d:26
            176	              2	string[] hip.util.system.dllImportVariables!(HipGamepadCheckConnectedGamepads, HipGamepadGetBatteryStatus, HipGamepadGetXboxGamepadState, HipGamepadIsWireless, HipGamepadQueryConnectedGamepadsCount, HipGamepadSetXboxGamepadVibration).dllImportVariables C:\Users\Marcelo\Documents\D\HipremeEngine\modules\util\source\hip\util\system.d:101
            176	              1	ShaderVariablesLayout hip.api.renderer.shadervar.ShaderVariablesLayout.from!(HipTextRendererFragmentUniforms).from C:\Users\Marcelo\Documents\D\HipremeEngine\api\source\hip\api\renderer\shadervar.d:425
            176	              1	ShaderVariablesLayout hip.api.renderer.shadervar.ShaderVariablesLayout.from!(HipTextRendererVertexUniforms).from C:\Users\Marcelo\Documents\D\HipremeEngine\api\source\hip\api\renderer\shadervar.d:425
            176	              1	ubyte[] hip.util.array.uninitializedArray!(ubyte[]).uninitializedArray C:\Users\Marcelo\Documents\D\HipremeEngine\modules\util\source\hip\util\array.d:262
            144	              3	EngineErrorStack hip.error.handler.EngineErrorStack.getNewStack C:\Users\Marcelo\Documents\D\HipremeEngine\modules\error\source\hip\error\handler.d:31
            144	              3	hip.error.handler.EngineErrorStack core.lifetime._d_newclassT!(EngineErrorStack)._d_newclassT C:\Users\Marcelo\Documents\D\HipremeEngine\tools\hbuild\D\dmd2\windows\bin64\..\..\src\druntime\import\core\lifetime.d:2763
            144	              3	string core.internal.array.concatenation._d_arraycatnTX!(string, string, string, string)._d_arraycatnTX C:\Users\Marcelo\Documents\D\HipremeEngine\tools\hbuild\D\dmd2\windows\bin64\..\..\src\druntime\import\core\internal\array\concatenation.d:51
            128	              2	hip.hiprenderer.backend.d3d.d3dvertex.Hip_D3D11_Buffer core.lifetime._d_newclassT!(Hip_D3D11_Buffer)._d_newclassT C:\Users\Marcelo\Documents\D\HipremeEngine\tools\hbuild\D\dmd2\windows\bin64\..\..\src\druntime\import\core\lifetime.d:2763
            128	              1	GameSystem app.gameInitialize C:\Users\Marcelo\Documents\D\HipremeEngine\source\app.d:234
            128	              1	HipFileSystemImplementation hip.filesystem.hipfs.HipFileSystem C:\Users\Marcelo\Documents\D\HipremeEngine\modules\filesystem\source\hip\filesystem\hipfs.d:422
            128	              1	HipINI hip.data.ini.HipINI.parse C:\Users\Marcelo\Documents\D\HipremeEngine\modules\data\source\hip\data\ini.d:100
            128	              1	HipInputListener hip.systems.game.GameSystem.this C:\Users\Marcelo\Documents\D\HipremeEngine\source\hip\systems\game.d:93
            128	              1	HipInputListener hip.systems.game.GameSystem.this C:\Users\Marcelo\Documents\D\HipremeEngine\source\hip\systems\game.d:94
            128	              1	HipTextRenderer hip.graphics.g2d.renderer2d.initialize C:\Users\Marcelo\Documents\D\HipremeEngine\source\hip\graphics\g2d\renderer2d.d:62
            128	              1	HipWorkerPool hip.assetmanager.HipAssetManager.initialize C:\Users\Marcelo\Documents\D\HipremeEngine\modules\assetmanager\source\hip\assetmanager.d:100
            128	              1	Hip_D3D11_VertexArrayObject hip.hiprenderer.backend.d3d.d3drenderer.Hip_D3D11_Renderer.createVertexArray C:\Users\Marcelo\Documents\D\HipremeEngine\modules\renderer\backends\d3d\hip\hiprenderer\backend\d3d\d3drenderer.d:399
            128	              1	Image hip.font.ttf.HipArsd_TTF_Font.loadTexture C:\Users\Marcelo\Documents\D\HipremeEngine\modules\font\source\hip\font\ttf.d:119
            128	              1	Image hip.global.gamedef.loadDefaultAssets C:\Users\Marcelo\Documents\D\HipremeEngine\source\hip\global\gamedef.d:63
            128	              1	Shader hip.hiprenderer.renderer.HipRendererImplementation.newShader C:\Users\Marcelo\Documents\D\HipremeEngine\modules\renderer\source\hip\hiprenderer\renderer.d:275
            128	              1	hip.concurrency.thread.HipWorkerPool core.lifetime._d_newclassT!(HipWorkerPool)._d_newclassT C:\Users\Marcelo\Documents\D\HipremeEngine\tools\hbuild\D\dmd2\windows\bin64\..\..\src\druntime\import\core\lifetime.d:2763
            128	              1	hip.data.ini.HipINI core.lifetime._d_newclassT!(HipINI)._d_newclassT C:\Users\Marcelo\Documents\D\HipremeEngine\tools\hbuild\D\dmd2\windows\bin64\..\..\src\druntime\import\core\lifetime.d:2763
            128	              1	hip.filesystem.hipfs.HipFileSystemImplementation core.lifetime._d_newclassT!(HipFileSystemImplementation)._d_newclassT C:\Users\Marcelo\Documents\D\HipremeEngine\tools\hbuild\D\dmd2\windows\bin64\..\..\src\druntime\import\core\lifetime.d:2763
            128	              1	hip.graphics.g2d.textrenderer.HipTextRenderer core.lifetime._d_newclassT!(HipTextRenderer)._d_newclassT C:\Users\Marcelo\Documents\D\HipremeEngine\tools\hbuild\D\dmd2\windows\bin64\..\..\src\druntime\import\core\lifetime.d:2763
            128	              1	hip.hiprenderer.backend.d3d.d3dvertex.Hip_D3D11_VertexArrayObject core.lifetime._d_newclassT!(Hip_D3D11_VertexArrayObject)._d_newclassT C:\Users\Marcelo\Documents\D\HipremeEngine\tools\hbuild\D\dmd2\windows\bin64\..\..\src\druntime\import\core\lifetime.d:2763
            128	              1	hip.hiprenderer.shader.shader.Shader core.lifetime._d_newclassT!(Shader)._d_newclassT C:\Users\Marcelo\Documents\D\HipremeEngine\tools\hbuild\D\dmd2\windows\bin64\..\..\src\druntime\import\core\lifetime.d:2763
            128	              1	hip.systems.game.GameSystem core.lifetime._d_newclassT!(GameSystem)._d_newclassT C:\Users\Marcelo\Documents\D\HipremeEngine\tools\hbuild\D\dmd2\windows\bin64\..\..\src\druntime\import\core\lifetime.d:2763
            128	              1	string core.internal.array.concatenation._d_arraycatnTX!(string, string, string, string, string)._d_arraycatnTX C:\Users\Marcelo\Documents\D\HipremeEngine\tools\hbuild\D\dmd2\windows\bin64\..\..\src\druntime\import\core\internal\array\concatenation.d:51
            112	              7	string hip.data.ini.formatValue C:\Users\Marcelo\Documents\D\HipremeEngine\modules\data\source\hip\data\ini.d:138
            112	              7	string hip.util.string.replaceAll C:\Users\Marcelo\Documents\D\HipremeEngine\modules\util\source\hip\util\string.d:518
             96	              2	hip.api.renderer.viewport.Viewport core.lifetime._d_newclassT!(Viewport)._d_newclassT C:\Users\Marcelo\Documents\D\HipremeEngine\tools\hbuild\D\dmd2\windows\bin64\..\..\src\druntime\import\core\lifetime.d:2763
             96	              1	(string, string) hip.internal_configuration.getFSInstallPath C:\Users\Marcelo\Documents\D\HipremeEngine\source\hip\internal_configuration.d:47
             96	              1	(string, string, string) hip.hiprenderer.initializer.newShader C:\Users\Marcelo\Documents\D\HipremeEngine\modules\renderer\backends\initializer\hip\hiprenderer\initializer.d:131
             96	              1	Console hip.console.console.Console.install C:\Users\Marcelo\Documents\D\HipremeEngine\modules\console\source\hip\console\console.d:83
             96	              1	DebugMutex hip.concurrency.thread.HipWorkerPool.this C:\Users\Marcelo\Documents\D\HipremeEngine\modules\concurrency\source\hip\concurrency\thread.d:170
             96	              1	Error hip.hiprenderer.renderer.HipRendererImplementation.exitOnError C:\Users\Marcelo\Documents\D\HipremeEngine\modules\renderer\source\hip\hiprenderer\renderer.d:326
             96	              1	EventDispatcher hip.systems.game.GameSystem.this C:\Users\Marcelo\Documents\D\HipremeEngine\source\hip\systems\game.d:84
             96	              1	HipGamutImageDecoder hip.image_backend.impl.getDecoder C:\Users\Marcelo\Documents\D\HipremeEngine\modules\image_decoding\source\hip\image_backend\impl.d:27
             96	              1	HipMouse hip.event.dispatcher.EventDispatcher.this C:\Users\Marcelo\Documents\D\HipremeEngine\source\hip\event\dispatcher.d:54
             96	              1	HipVertexAttributeInfo[] hip.hiprenderer.vertex.HipVertexArrayObject.getVAO!(HipTextRendererVertex).getVAO C:\Users\Marcelo\Documents\D\HipremeEngine\modules\renderer\source\hip\hiprenderer\vertex.d:175
             96	              1	HipWorkerThread hip.concurrency.thread.HipWorkerPool.this C:\Users\Marcelo\Documents\D\HipremeEngine\modules\concurrency\source\hip\concurrency\thread.d:167
             96	              1	Hip_D3D11_ShaderProgram hip.hiprenderer.backend.d3d.d3dshader.Hip_D3D11_ShaderImpl.buildShader C:\Users\Marcelo\Documents\D\HipremeEngine\modules\renderer\backends\d3d\hip\hiprenderer\backend\d3d\d3dshader.d:216
             96	              1	Hip_D3D11_Texture hip.hiprenderer.backend.d3d.d3drenderer.Hip_D3D11_Renderer.createTexture C:\Users\Marcelo\Documents\D\HipremeEngine\modules\renderer\backends\d3d\hip\hiprenderer\backend\d3d\d3drenderer.d:403
             96	              1	Mesh hip.graphics.g2d.textrenderer.HipTextRenderer.this C:\Users\Marcelo\Documents\D\HipremeEngine\source\hip\graphics\g2d\textrenderer.d:86
             96	              1	hip.console.console.Console core.lifetime._d_newclassT!(Console)._d_newclassT C:\Users\Marcelo\Documents\D\HipremeEngine\tools\hbuild\D\dmd2\windows\bin64\..\..\src\druntime\import\core\lifetime.d:2763
             96	              1	hip.event.dispatcher.EventDispatcher core.lifetime._d_newclassT!(EventDispatcher)._d_newclassT C:\Users\Marcelo\Documents\D\HipremeEngine\tools\hbuild\D\dmd2\windows\bin64\..\..\src\druntime\import\core\lifetime.d:2763
             96	              1	hip.event.handlers.mouse.HipMouse core.lifetime._d_newclassT!(HipMouse)._d_newclassT C:\Users\Marcelo\Documents\D\HipremeEngine\tools\hbuild\D\dmd2\windows\bin64\..\..\src\druntime\import\core\lifetime.d:2763
             96	              1	hip.game.mesh.Mesh core.lifetime._d_newclassT!(Mesh)._d_newclassT C:\Users\Marcelo\Documents\D\HipremeEngine\tools\hbuild\D\dmd2\windows\bin64\..\..\src\druntime\import\core\lifetime.d:2763
             96	              1	hip.hiprenderer.backend.d3d.d3dshader.Hip_D3D11_ShaderProgram core.lifetime._d_newclassT!(Hip_D3D11_ShaderProgram)._d_newclassT C:\Users\Marcelo\Documents\D\HipremeEngine\tools\hbuild\D\dmd2\windows\bin64\..\..\src\druntime\import\core\lifetime.d:2763
             96	              1	hip.hiprenderer.backend.d3d.d3dtexture.Hip_D3D11_Texture core.lifetime._d_newclassT!(Hip_D3D11_Texture)._d_newclassT C:\Users\Marcelo\Documents\D\HipremeEngine\tools\hbuild\D\dmd2\windows\bin64\..\..\src\druntime\import\core\lifetime.d:2763
             96	              1	hip.image_backend.gamut.HipGamutImageDecoder core.lifetime._d_newclassT!(HipGamutImageDecoder)._d_newclassT C:\Users\Marcelo\Documents\D\HipremeEngine\tools\hbuild\D\dmd2\windows\bin64\..\..\src\druntime\import\core\lifetime.d:2763
             96	              1	object.Error core.lifetime._d_newclassT!(Error)._d_newclassT C:\Users\Marcelo\Documents\D\HipremeEngine\tools\hbuild\D\dmd2\windows\bin64\..\..\src\druntime\import\core\lifetime.d:2763
             96	              1	ubyte hip.api.renderer.shadervar.ShaderVariablesLayout.from!(HipTextRendererVertexUniforms).from C:\Users\Marcelo\Documents\D\HipremeEngine\api\source\hip\api\renderer\shadervar.d:426
             64	              2	(string, string) hip.assets.image.Image.this C:\Users\Marcelo\Documents\D\HipremeEngine\modules\assets\source\hip\assets\image.d:44
             64	              1	HipAudioImpl hip.audio.PreInitializeHipAudio C:\Users\Marcelo\Documents\D\HipremeEngine\modules\audio\source\hip\audio\package.d:197
             64	              1	HipButton[] hip.event.handlers.input_listener.HipInputListener.addKeyboardListener C:\Users\Marcelo\Documents\D\HipremeEngine\source\hip\event\handlers\input_listener.d:39
             64	              1	HipTexture hip.font.ttf.HipArsd_TTF_Font.loadTexture C:\Users\Marcelo\Documents\D\HipremeEngine\modules\font\source\hip\font\ttf.d:121
             64	              1	HipVertexArrayObject hip.hiprenderer.vertex.HipVertexArrayObject.getVAO!(HipTextRendererVertex).getVAO C:\Users\Marcelo\Documents\D\HipremeEngine\modules\renderer\source\hip\hiprenderer\vertex.d:170
             64	              1	HipWindow hip.hiprenderer.renderer.HipRendererImplementation.createWindow C:\Users\Marcelo\Documents\D\HipremeEngine\modules\renderer\source\hip\hiprenderer\renderer.d:114
             64	              1	HipXAudioPlayer hip.audio.HipAudioImpl.getAudioInterface C:\Users\Marcelo\Documents\D\HipremeEngine\modules\audio\source\hip\audio\package.d:134
             64	              1	Hip_D3D11_Buffer hip.hiprenderer.backend.d3d.d3drenderer.Hip_D3D11_Renderer.createBuffer C:\Users\Marcelo\Documents\D\HipremeEngine\modules\renderer\backends\d3d\hip\hiprenderer\backend\d3d\d3drenderer.d:407
             64	              1	Hip_D3D11_Buffer hip.hiprenderer.backend.d3d.d3drenderer.Hip_D3D11_Renderer.createBuffer C:\Users\Marcelo\Documents\D\HipremeEngine\modules\renderer\backends\d3d\hip\hiprenderer\backend\d3d\d3drenderer.d:411
             64	              1	hip.assets.texture.HipTexture core.lifetime._d_newclassT!(HipTexture)._d_newclassT C:\Users\Marcelo\Documents\D\HipremeEngine\tools\hbuild\D\dmd2\windows\bin64\..\..\src\druntime\import\core\lifetime.d:2763
             64	              1	hip.audio.HipAudioImpl core.lifetime._d_newclassT!(HipAudioImpl)._d_newclassT C:\Users\Marcelo\Documents\D\HipremeEngine\tools\hbuild\D\dmd2\windows\bin64\..\..\src\druntime\import\core\lifetime.d:2763
             64	              1	hip.audio.backend.xaudio.player.HipXAudioPlayer core.lifetime._d_newclassT!(HipXAudioPlayer)._d_newclassT C:\Users\Marcelo\Documents\D\HipremeEngine\tools\hbuild\D\dmd2\windows\bin64\..\..\src\druntime\import\core\lifetime.d:2763
             64	              1	hip.hiprenderer.vertex.HipVertexArrayObject core.lifetime._d_newclassT!(HipVertexArrayObject)._d_newclassT C:\Users\Marcelo\Documents\D\HipremeEngine\tools\hbuild\D\dmd2\windows\bin64\..\..\src\druntime\import\core\lifetime.d:2763
             64	              1	hip.windowing.window.HipWindow core.lifetime._d_newclassT!(HipWindow)._d_newclassT C:\Users\Marcelo\Documents\D\HipremeEngine\tools\hbuild\D\dmd2\windows\bin64\..\..\src\druntime\import\core\lifetime.d:2763
             48	              3	(string, string) hip.util.string.toStringz C:\Users\Marcelo\Documents\D\HipremeEngine\modules\util\source\hip\util\string.d:711
             48	              1	HipEventQueue hip.systems.input.HipEventQueue.newController C:\Users\Marcelo\Documents\D\HipremeEngine\source\hip\systems\input.d:188
             48	              1	Viewport hip.graphics.g2d.renderer2d.initialize C:\Users\Marcelo\Documents\D\HipremeEngine\source\hip\graphics\g2d\renderer2d.d:53
             48	              1	Viewport hip.hiprenderer.renderer.HipRendererImplementation.initialize C:\Users\Marcelo\Documents\D\HipremeEngine\modules\renderer\source\hip\hiprenderer\renderer.d:192
             48	              1	closure hip.global.gamedef.loadDefaultAssets C:\Users\Marcelo\Documents\D\HipremeEngine\source\hip\global\gamedef.d:47
             48	              1	hip.systems.input.HipEventQueue core.lifetime._d_newclassT!(HipEventQueue)._d_newclassT C:\Users\Marcelo\Documents\D\HipremeEngine\tools\hbuild\D\dmd2\windows\bin64\..\..\src\druntime\import\core\lifetime.d:2763
             48	              1	void delegate(uint, uint)[] hip.event.dispatcher.EventDispatcher.addOnResizeListener C:\Users\Marcelo\Documents\D\HipremeEngine\source\hip\event\dispatcher.d:199
             32	              2	(string, string) hip.api.renderer.shadervar.ShaderVariablesLayout.this C:\Users\Marcelo\Documents\D\HipremeEngine\api\source\hip\api\renderer\shadervar.d:321
             32	              2	Hip_D3D11_ShaderVarAdditionalData hip.hiprenderer.backend.d3d.d3dshader.Hip_D3D11_ShaderImpl.createVariablesBlock C:\Users\Marcelo\Documents\D\HipremeEngine\modules\renderer\backends\d3d\hip\hiprenderer\backend\d3d\d3dshader.d:319
             32	              2	hip.hiprenderer.backend.d3d.d3dshader.Hip_D3D11_ShaderVarAdditionalData core.lifetime._d_newitemT!(Hip_D3D11_ShaderVarAdditionalData)._d_newitemT C:\Users\Marcelo\Documents\D\HipremeEngine\tools\hbuild\D\dmd2\windows\bin64\..\..\src\druntime\import\core\lifetime.d:2835
             32	              2	string hip.hiprenderer.backend.d3d.d3dshader.Hip_D3D11_ShaderImpl.compileShader C:\Users\Marcelo\Documents\D\HipremeEngine\modules\renderer\backends\d3d\hip\hiprenderer\backend\d3d\d3dshader.d:147
             32	              1	HipEventQueue[] hip.systems.input.HipEventQueue.newController C:\Users\Marcelo\Documents\D\HipremeEngine\source\hip\systems\input.d:189
             32	              1	HipStdFileSystemInteraction hip.filesystem.hipfs.HipFileSystemImplementation.initializeAbsolute C:\Users\Marcelo\Documents\D\HipremeEngine\modules\filesystem\source\hip\filesystem\hipfs.d:203
             32	              1	Hip_D3D11_Renderer hip.hiprenderer.initializer.getRendererImplementation.getDirect3DRenderer C:\Users\Marcelo\Documents\D\HipremeEngine\modules\renderer\backends\initializer\hip\hiprenderer\initializer.d:75
             32	              1	Hip_D3D11_ShaderImpl hip.hiprenderer.backend.d3d.d3drenderer.Hip_D3D11_Renderer.createShader C:\Users\Marcelo\Documents\D\HipremeEngine\modules\renderer\backends\d3d\hip\hiprenderer\backend\d3d\d3drenderer.d:415
             32	              1	IHipRendererBuffer[] hip.hiprenderer.renderer.HipRendererImplementation.createBuffer C:\Users\Marcelo\Documents\D\HipremeEngine\modules\renderer\source\hip\hiprenderer\renderer.d:297
             32	              1	IHipTexture[] hip.hiprenderer.renderer.HipRendererImplementation.getTextureImplementation C:\Users\Marcelo\Documents\D\HipremeEngine\modules\renderer\source\hip\hiprenderer\renderer.d:226
             32	              1	IHipVertexArrayImpl[] hip.hiprenderer.renderer.HipRendererImplementation.createVertexArray C:\Users\Marcelo\Documents\D\HipremeEngine\modules\renderer\source\hip\hiprenderer\renderer.d:291
             32	              1	KeyboardHandler hip.event.dispatcher.EventDispatcher.this C:\Users\Marcelo\Documents\D\HipremeEngine\source\hip\event\dispatcher.d:53
             32	              1	Semaphore hip.concurrency.thread.HipWorkerPool.this C:\Users\Marcelo\Documents\D\HipremeEngine\modules\concurrency\source\hip\concurrency\thread.d:173
             32	              1	ShaderVarLayout*[] hip.api.renderer.shadervar.ShaderVariablesLayout.from!(HipTextRendererFragmentUniforms).from C:\Users\Marcelo\Documents\D\HipremeEngine\api\source\hip\api\renderer\shadervar.d:468
             32	              1	ShaderVarLayout*[] hip.api.renderer.shadervar.ShaderVariablesLayout.from!(HipTextRendererVertexUniforms).from C:\Users\Marcelo\Documents\D\HipremeEngine\api\source\hip\api\renderer\shadervar.d:468
             32	              1	Shader[] hip.hiprenderer.renderer.HipRendererImplementation.newShader C:\Users\Marcelo\Documents\D\HipremeEngine\modules\renderer\source\hip\hiprenderer\renderer.d:275
             32	              1	bool hip.hiprenderer.backend.d3d.d3dtexture.Hip_D3D11_Texture.this C:\Users\Marcelo\Documents\D\HipremeEngine\modules\renderer\backends\d3d\hip\hiprenderer\backend\d3d\d3dtexture.d:45
             32	              1	closure hip.assets.image.Image.loadFromMemory C:\Users\Marcelo\Documents\D\HipremeEngine\modules\assets\source\hip\assets\image.d:85
             32	              1	closure hip.filesystem.hipfs.HipFileSystemImplementation.absoluteRead C:\Users\Marcelo\Documents\D\HipremeEngine\modules\filesystem\source\hip\filesystem\hipfs.d:382
             32	              1	const(const(int)[]) hip.hiprenderer.backend.d3d.d3drenderer.Hip_D3D11_Renderer.initD3DFowHWND C:\Users\Marcelo\Documents\D\HipremeEngine\modules\renderer\backends\d3d\hip\hiprenderer\backend\d3d\d3drenderer.d:277
             32	              1	hip.event.handlers.keyboard.KeyboardHandler core.lifetime._d_newclassT!(KeyboardHandler)._d_newclassT C:\Users\Marcelo\Documents\D\HipremeEngine\tools\hbuild\D\dmd2\windows\bin64\..\..\src\druntime\import\core\lifetime.d:2763
             32	              1	hip.filesystem.systems.dstd.HipStdFileSystemInteraction core.lifetime._d_newclassT!(HipStdFileSystemInteraction)._d_newclassT C:\Users\Marcelo\Documents\D\HipremeEngine\tools\hbuild\D\dmd2\windows\bin64\..\..\src\druntime\import\core\lifetime.d:2763
             32	              1	hip.hiprenderer.backend.d3d.d3drenderer.Hip_D3D11_Renderer core.lifetime._d_newclassT!(Hip_D3D11_Renderer)._d_newclassT C:\Users\Marcelo\Documents\D\HipremeEngine\tools\hbuild\D\dmd2\windows\bin64\..\..\src\druntime\import\core\lifetime.d:2763
             32	              1	hip.hiprenderer.backend.d3d.d3dshader.Hip_D3D11_ShaderImpl core.lifetime._d_newclassT!(Hip_D3D11_ShaderImpl)._d_newclassT C:\Users\Marcelo\Documents\D\HipremeEngine\tools\hbuild\D\dmd2\windows\bin64\..\..\src\druntime\import\core\lifetime.d:2763
             32	              1	ubyte hip.api.renderer.shadervar.ShaderVariablesLayout.from!(HipTextRendererFragmentUniforms).from C:\Users\Marcelo\Documents\D\HipremeEngine\api\source\hip\api\renderer\shadervar.d:426
             16	              1	ID3D11Buffer hip.hiprenderer.backend.d3d.d3dvertex.Hip_D3D11_VertexArrayObject.createInputLayout C:\Users\Marcelo\Documents\D\HipremeEngine\modules\renderer\backends\d3d\hip\hiprenderer\backend\d3d\d3dvertex.d:201
             16	              1	Vector!(2u, float) hip.event.handlers.mouse.HipMouse.this C:\Users\Marcelo\Documents\D\HipremeEngine\source\hip\event\handlers\mouse.d:22
             16	              1	closure hip.systems.game.GameSystem.this C:\Users\Marcelo\Documents\D\HipremeEngine\source\hip\systems\game.d:81
             16	              1	uint hip.hiprenderer.backend.d3d.d3dvertex.Hip_D3D11_VertexArrayObject.createInputLayout C:\Users\Marcelo\Documents\D\HipremeEngine\modules\renderer\backends\d3d\hip\hiprenderer\backend\d3d\d3dvertex.d:202
             16	              1	uint hip.hiprenderer.backend.d3d.d3dvertex.Hip_D3D11_VertexArrayObject.createInputLayout C:\Users\Marcelo\Documents\D\HipremeEngine\modules\renderer\backends\d3d\hip\hiprenderer\backend\d3d\d3dvertex.d:203
